Release 14.7 - xst P.20131013 (nt64)
Copyright (c) 1995-2013 Xilinx, Inc.  All rights reserved.
--> Parameter TMPDIR set to xst/projnav.tmp


Total REAL time to Xst completion: 1.00 secs
Total CPU time to Xst completion: 0.40 secs
 
--> Parameter xsthdpdir set to xst


Total REAL time to Xst completion: 1.00 secs
Total CPU time to Xst completion: 0.41 secs
 
--> Reading design: practica.prj

TABLE OF CONTENTS
  1) Synthesis Options Summary
  2) HDL Compilation
  3) Design Hierarchy Analysis
  4) HDL Analysis
  5) HDL Synthesis
     5.1) HDL Synthesis Report
  6) Advanced HDL Synthesis
     6.1) Advanced HDL Synthesis Report
  7) Low Level Synthesis
  8) Partition Report
  9) Final Report
	9.1) Device utilization summary
	9.2) Partition Resource Summary
	9.3) TIMING REPORT


=========================================================================
*                      Synthesis Options Summary                        *
=========================================================================
---- Source Parameters
Input File Name                    : "practica.prj"
Input Format                       : mixed
Ignore Synthesis Constraint File   : NO

---- Target Parameters
Output File Name                   : "practica"
Output Format                      : NGC
Target Device                      : xc3s200-4-ft256

---- Source Options
Top Module Name                    : practica
Automatic FSM Extraction           : YES
FSM Encoding Algorithm             : Auto
Safe Implementation                : No
FSM Style                          : LUT
RAM Extraction                     : Yes
RAM Style                          : Auto
ROM Extraction                     : Yes
Mux Style                          : Auto
Decoder Extraction                 : YES
Priority Encoder Extraction        : Yes
Shift Register Extraction          : YES
Logical Shifter Extraction         : YES
XOR Collapsing                     : YES
ROM Style                          : Auto
Mux Extraction                     : Yes
Resource Sharing                   : YES
Asynchronous To Synchronous        : NO
Multiplier Style                   : Auto
Automatic Register Balancing       : No

---- Target Options
Add IO Buffers                     : YES
Global Maximum Fanout              : 100000
Add Generic Clock Buffer(BUFG)     : 8
Register Duplication               : YES
Slice Packing                      : YES
Optimize Instantiated Primitives   : NO
Use Clock Enable                   : Yes
Use Synchronous Set                : Yes
Use Synchronous Reset              : Yes
Pack IO Registers into IOBs        : Auto
Equivalent register Removal        : YES

---- General Options
Optimization Goal                  : Speed
Optimization Effort                : 1
Keep Hierarchy                     : No
Netlist Hierarchy                  : As_Optimized
RTL Output                         : Yes
Global Optimization                : AllClockNets
Read Cores                         : YES
Write Timing Constraints           : NO
Cross Clock Analysis               : NO
Hierarchy Separator                : /
Bus Delimiter                      : <>
Case Specifier                     : Maintain
Slice Utilization Ratio            : 100
BRAM Utilization Ratio             : 100
Verilog 2001                       : YES
Auto BRAM Packing                  : NO
Slice Utilization Ratio Delta      : 5

=========================================================================


=========================================================================
*                          HDL Compilation                              *
=========================================================================
Compiling vhdl file "H:/Users/Alicia Espigares/Creciendo como ingeniera/Programming programes/VHDL/Practicando 1/Practica1_Alicia/practica.vhd" in Library work.
Entity <practica> compiled.
Entity <practica> (Architecture <Behavioral>) compiled.

=========================================================================
*                     Design Hierarchy Analysis                         *
=========================================================================
Analyzing hierarchy for entity <practica> in library <work> (architecture <Behavioral>).


=========================================================================
*                            HDL Analysis                               *
=========================================================================
Analyzing Entity <practica> in library <work> (Architecture <Behavioral>).
Entity <practica> analyzed. Unit <practica> generated.


=========================================================================
*                           HDL Synthesis                               *
=========================================================================

Performing bidirectional port resolution...

Synthesizing Unit <practica>.
    Related source file is "H:/Users/Alicia Espigares/Creciendo como ingeniera/Programming programes/VHDL/Practicando 1/Practica1_Alicia/practica.vhd".
    Found 29-bit up counter for signal <tmp>.
    Summary:
	inferred   1 Counter(s).
Unit <practica> synthesized.


=========================================================================
HDL Synthesis Report

Macro Statistics
# Counters                                             : 1
 29-bit up counter                                     : 1

=========================================================================

=========================================================================
*                       Advanced HDL Synthesis                          *
=========================================================================


=========================================================================
Advanced HDL Synthesis Report

Macro Statistics
# Counters                                             : 1
 29-bit up counter                                     : 1

=========================================================================

=========================================================================
*                         Low Level Synthesis                           *
=========================================================================

Optimizing unit <practica> ...

Mapping all equations...
Building and optimizing final netlist ...
Found area constraint ratio of 100 (+ 5) on block practica, actual ratio is 0.

Final Macro Processing ...

=========================================================================
Final Register Report

Macro Statistics
# Registers                                            : 29
 Flip-Flops                                            : 29

=========================================================================

=========================================================================
*                           Partition Report                            *
=========================================================================

Partition Implementation Status
-------------------------------

  No Partitions were found in this design.

-------------------------------

=========================================================================
*                            Final Report                               *
=========================================================================
Final Results
RTL Top Level Output File Name     : practica.ngr
Top Level Output File Name         : practica
Output Format                      : NGC
Optimization Goal                  : Speed
Keep Hierarchy                     : No

Design Statistics
# IOs                              : 8

Cell Usage :
# BELS                             : 93
#      GND                         : 1
#      INV                         : 1
#      LUT1                        : 28
#      LUT3                        : 1
#      LUT4                        : 3
#      MUXCY                       : 28
#      MUXF5                       : 1
#      VCC                         : 1
#      XORCY                       : 29
# FlipFlops/Latches                : 29
#      FDRE                        : 29
# Clock Buffers                    : 1
#      BUFGP                       : 1
# IO Buffers                       : 7
#      IBUF                        : 6
#      OBUF                        : 1
=========================================================================

Device utilization summary:
---------------------------

Selected Device : 3s200ft256-4 

 Number of Slices:                       17  out of   1920     0%  
 Number of Slice Flip Flops:             29  out of   3840     0%  
 Number of 4 input LUTs:                 33  out of   3840     0%  
 Number of IOs:                           8
 Number of bonded IOBs:                   8  out of    173     4%  
 Number of GCLKs:                         1  out of      8    12%  

---------------------------
Partition Resource Summary:
---------------------------

  No Partitions were found in this design.

---------------------------


=========================================================================
TIMING REPORT

NOTE: THESE TIMING NUMBERS ARE ONLY A SYNTHESIS ESTIMATE.
      FOR ACCURATE TIMING INFORMATION PLEASE REFER TO THE TRACE REPORT
      GENERATED AFTER PLACE-and-ROUTE.

Clock Information:
------------------
-----------------------------------+------------------------+-------+
Clock Signal                       | Clock buffer(FF name)  | Load  |
-----------------------------------+------------------------+-------+
clk                                | BUFGP                  | 29    |
-----------------------------------+------------------------+-------+

Asynchronous Control Signals Information:
----------------------------------------
No asynchronous control signals found in this design

Timing Summary:
---------------
Speed Grade: -4

   Minimum period: 5.682ns (Maximum Frequency: 175.994MHz)
   Minimum input arrival time before clock: 3.683ns
   Maximum output required time after clock: 10.983ns
   Maximum combinational path delay: 11.114ns

Timing Detail:
--------------
All values displayed in nanoseconds (ns)

=========================================================================
Timing constraint: Default period analysis for Clock 'clk'
  Clock period: 5.682ns (frequency: 175.994MHz)
  Total number of paths / destination ports: 435 / 29
-------------------------------------------------------------------------
Delay:               5.682ns (Levels of Logic = 29)
  Source:            tmp_1 (FF)
  Destination:       tmp_28 (FF)
  Source Clock:      clk rising
  Destination Clock: clk rising

  Data Path: tmp_1 to tmp_28
                                Gate     Net
    Cell:in->out      fanout   Delay   Delay  Logical Name (Net Name)
    ----------------------------------------  ------------
     FDRE:C->Q             1   0.720   1.140  tmp_1 (tmp_1)
     LUT1:I0->O            1   0.551   0.000  Mcount_tmp_cy<1>_rt (Mcount_tmp_cy<1>_rt)
     MUXCY:S->O            1   0.500   0.000  Mcount_tmp_cy<1> (Mcount_tmp_cy<1>)
     MUXCY:CI->O           1   0.064   0.000  Mcount_tmp_cy<2> (Mcount_tmp_cy<2>)
     MUXCY:CI->O           1   0.064   0.000  Mcount_tmp_cy<3> (Mcount_tmp_cy<3>)
     MUXCY:CI->O           1   0.064   0.000  Mcount_tmp_cy<4> (Mcount_tmp_cy<4>)
     MUXCY:CI->O           1   0.064   0.000  Mcount_tmp_cy<5> (Mcount_tmp_cy<5>)
     MUXCY:CI->O           1   0.064   0.000  Mcount_tmp_cy<6> (Mcount_tmp_cy<6>)
     MUXCY:CI->O           1   0.064   0.000  Mcount_tmp_cy<7> (Mcount_tmp_cy<7>)
     MUXCY:CI->O           1   0.064   0.000  Mcount_tmp_cy<8> (Mcount_tmp_cy<8>)
     MUXCY:CI->O           1   0.064   0.000  Mcount_tmp_cy<9> (Mcount_tmp_cy<9>)
     MUXCY:CI->O           1   0.064   0.000  Mcount_tmp_cy<10> (Mcount_tmp_cy<10>)
     MUXCY:CI->O           1   0.064   0.000  Mcount_tmp_cy<11> (Mcount_tmp_cy<11>)
     MUXCY:CI->O           1   0.064   0.000  Mcount_tmp_cy<12> (Mcount_tmp_cy<12>)
     MUXCY:CI->O           1   0.064   0.000  Mcount_tmp_cy<13> (Mcount_tmp_cy<13>)
     MUXCY:CI->O           1   0.064   0.000  Mcount_tmp_cy<14> (Mcount_tmp_cy<14>)
     MUXCY:CI->O           1   0.064   0.000  Mcount_tmp_cy<15> (Mcount_tmp_cy<15>)
     MUXCY:CI->O           1   0.064   0.000  Mcount_tmp_cy<16> (Mcount_tmp_cy<16>)
     MUXCY:CI->O           1   0.064   0.000  Mcount_tmp_cy<17> (Mcount_tmp_cy<17>)
     MUXCY:CI->O           1   0.064   0.000  Mcount_tmp_cy<18> (Mcount_tmp_cy<18>)
     MUXCY:CI->O           1   0.064   0.000  Mcount_tmp_cy<19> (Mcount_tmp_cy<19>)
     MUXCY:CI->O           1   0.064   0.000  Mcount_tmp_cy<20> (Mcount_tmp_cy<20>)
     MUXCY:CI->O           1   0.064   0.000  Mcount_tmp_cy<21> (Mcount_tmp_cy<21>)
     MUXCY:CI->O           1   0.064   0.000  Mcount_tmp_cy<22> (Mcount_tmp_cy<22>)
     MUXCY:CI->O           1   0.064   0.000  Mcount_tmp_cy<23> (Mcount_tmp_cy<23>)
     MUXCY:CI->O           1   0.064   0.000  Mcount_tmp_cy<24> (Mcount_tmp_cy<24>)
     MUXCY:CI->O           1   0.064   0.000  Mcount_tmp_cy<25> (Mcount_tmp_cy<25>)
     MUXCY:CI->O           1   0.064   0.000  Mcount_tmp_cy<26> (Mcount_tmp_cy<26>)
     MUXCY:CI->O           0   0.064   0.000  Mcount_tmp_cy<27> (Mcount_tmp_cy<27>)
     XORCY:CI->O           1   0.904   0.000  Mcount_tmp_xor<28> (Result<28>)
     FDRE:D                    0.203          tmp_28
    ----------------------------------------
    Total                      5.682ns (4.542ns logic, 1.140ns route)
                                       (79.9% logic, 20.1% route)

=========================================================================
Timing constraint: Default OFFSET IN BEFORE for Clock 'clk'
  Total number of paths / destination ports: 58 / 58
-------------------------------------------------------------------------
Offset:              3.683ns (Levels of Logic = 1)
  Source:            reset (PAD)
  Destination:       tmp_0 (FF)
  Destination Clock: clk rising

  Data Path: reset to tmp_0
                                Gate     Net
    Cell:in->out      fanout   Delay   Delay  Logical Name (Net Name)
    ----------------------------------------  ------------
     IBUF:I->O            29   0.821   1.836  reset_IBUF (reset_IBUF)
     FDRE:R                    1.026          tmp_0
    ----------------------------------------
    Total                      3.683ns (1.847ns logic, 1.836ns route)
                                       (50.2% logic, 49.8% route)

=========================================================================
Timing constraint: Default OFFSET OUT AFTER for Clock 'clk'
  Total number of paths / destination ports: 4 / 1
-------------------------------------------------------------------------
Offset:              10.983ns (Levels of Logic = 4)
  Source:            tmp_28 (FF)
  Destination:       led (PAD)
  Source Clock:      clk rising

  Data Path: tmp_28 to led
                                Gate     Net
    Cell:in->out      fanout   Delay   Delay  Logical Name (Net Name)
    ----------------------------------------  ------------
     FDRE:C->Q             2   0.720   1.216  tmp_28 (tmp_28)
     LUT3:I0->O            1   0.551   0.000  led118_SW0_G (N7)
     MUXF5:I1->O           1   0.360   1.140  led118_SW0 (N4)
     LUT4:I0->O            1   0.551   0.801  led118 (led_OBUF)
     OBUF:I->O                 5.644          led_OBUF (led)
    ----------------------------------------
    Total                     10.983ns (7.826ns logic, 3.157ns route)
                                       (71.3% logic, 28.7% route)

=========================================================================
Timing constraint: Default path analysis
  Total number of paths / destination ports: 10 / 1
-------------------------------------------------------------------------
Delay:               11.114ns (Levels of Logic = 5)
  Source:            switch<1> (PAD)
  Destination:       led (PAD)

  Data Path: switch<1> to led
                                Gate     Net
    Cell:in->out      fanout   Delay   Delay  Logical Name (Net Name)
    ----------------------------------------  ------------
     IBUF:I->O             3   0.821   1.246  switch_1_IBUF (switch_1_IBUF)
     LUT4:I0->O            1   0.551   0.000  led118_SW0_F (N6)
     MUXF5:I0->O           1   0.360   1.140  led118_SW0 (N4)
     LUT4:I0->O            1   0.551   0.801  led118 (led_OBUF)
     OBUF:I->O                 5.644          led_OBUF (led)
    ----------------------------------------
    Total                     11.114ns (7.927ns logic, 3.187ns route)
                                       (71.3% logic, 28.7% route)

=========================================================================


Total REAL time to Xst completion: 5.00 secs
Total CPU time to Xst completion: 4.86 secs
 
--> 

Total memory usage is 4475144 kilobytes

Number of errors   :    0 (   0 filtered)
Number of warnings :    0 (   0 filtered)
Number of infos    :    0 (   0 filtered)

